<?xml version="1.0" encoding="UTF-8" ?>
<testsuite tests="1" failures="1" name="com.mommypower.ap.testModule.runner.TestRunner" time="0.356" errors="0" skipped="0">
  <properties>
[...]
</properties>
  <testcase classname="com.mommypower.ap.testModule.runner.TestRunner" name="runScenario" time="0.356">
    <failure type="java.lang.NullPointerException">java.lang.NullPointerException
	at com.mommypower.ap.testModule.Util.SeleniumDriver.getFirefoxdriver(SeleniumDriver.java:33)
	at com.mommypower.ap.testModule.StepDefination.LoginSteps.userNavigatesToLoginPage(LoginSteps.java:16)
	at ✽.User navigates to login page(src/test/resources/feature/login.feature:4)
</failure>
    <system-out>Configuring TestNG with: org.apache.maven.surefire.testng.conf.TestNG652Configurator@7382f612
Executing the Launching -Started
Starting Firefox browser
propertyReader is null
</system-out>
    <system-err>May 06, 2018 8:51:41 PM org.springframework.test.context.support.AbstractTestContextBootstrapper getTestExecutionListeners
INFO: Using TestExecutionListeners: [org.springframework.test.context.support.DirtiesContextBeforeModesTestExecutionListener@14dd7b39, org.springframework.test.context.support.DependencyInjectionTestExecutionListener@66ea810, org.springframework.test.context.support.DirtiesContextTestExecutionListener@6cd24612]
</system-err>
  </testcase>
</testsuite>