<?xml version="1.0" encoding="UTF-8"?>
<!-- Generated by org.testng.reporters.JUnitReportReporter -->
<testsuite skipped="0" hostname="Garlapati-Lapi" name="com.mommypower.ap.testModule.runner.TestRunner" tests="1" failures="0" timestamp="07 May 2018 03:51:41 GMT" time="0.351" errors="1">
  <testcase name="runScenario" time="0.351" classname="com.mommypower.ap.testModule.runner.TestRunner">
    <error type="java.lang.NullPointerException">
      <![CDATA[java.lang.NullPointerException
at com.mommypower.ap.testModule.Util.SeleniumDriver.getFirefoxdriver(SeleniumDriver.java:33)
at com.mommypower.ap.testModule.StepDefination.LoginSteps.userNavigatesToLoginPage(LoginSteps.java:16)
at ✽.User navigates to login page(src/test/resources/feature/login.feature:4)
]]>
    </error>
  </testcase> <!-- runScenario -->
</testsuite> <!-- com.mommypower.ap.testModule.runner.TestRunner -->
