<?xml version="1.0" encoding="UTF-8"?>
<!-- Generated by org.testng.reporters.JUnitXMLReporter -->
<testsuite hostname="Garlapati-Lapi" ignored="0" name="Command line test" tests="1" failures="1" timestamp="07 May 2018 03:51:41 GMT" time="0.726" errors="0">
  <testcase name="runScenario" time="0.351" classname="cucumber.api.testng.AbstractTestNGCucumberTests">
    <failure type="java.lang.NullPointerException">
      <![CDATA[java.lang.NullPointerException
at com.mommypower.ap.testModule.Util.SeleniumDriver.getFirefoxdriver(SeleniumDriver.java:33)
at com.mommypower.ap.testModule.StepDefination.LoginSteps.userNavigatesToLoginPage(LoginSteps.java:16)
at ✽.User navigates to login page(src/test/resources/feature/login.feature:4)
]]>
    </failure>
  </testcase> <!-- runScenario -->
</testsuite> <!-- Command line test -->
